<?xml version="1.0" encoding="UTF-8" standalone="no"?>
<!DOCTYPE log SYSTEM "logger.dtd">
<log>
<record>
  <date>2024-06-24T17:29:51.292165900Z</date>
  <millis>1719250191292</millis>
  <nanos>165900</nanos>
  <sequence>0</sequence>
  <logger>Main</logger>
  <level>INFO</level>
  <class>cn.com.wysha.Main</class>
  <method>&lt;clinit&gt;</method>
  <thread>1</thread>
  <message>start</message>
</record>
<record>
  <date>2024-06-24T17:30:10.642346400Z</date>
  <millis>1719250210642</millis>
  <nanos>346400</nanos>
  <sequence>1</sequence>
  <logger>Main</logger>
  <level>INFO</level>
  <class>cn.com.wysha.Main</class>
  <method>&lt;clinit&gt;</method>
  <thread>1</thread>
  <message>server start</message>
</record>
<record>
  <date>2024-06-24T17:30:16.794373900Z</date>
  <millis>1719250216794</millis>
  <nanos>373900</nanos>
  <sequence>2</sequence>
  <logger>Main</logger>
  <level>INFO</level>
  <class>cn.com.wysha.Client</class>
  <method>run</method>
  <thread>33</thread>
  <message>accept/127.0.0.1</message>
</record>
<record>
  <date>2024-06-24T17:30:32.548793500Z</date>
  <millis>1719250232548</millis>
  <nanos>793500</nanos>
  <sequence>3</sequence>
  <logger>Main</logger>
  <level>INFO</level>
  <class>cn.com.wysha.Client</class>
  <method>run</method>
  <thread>35</thread>
  <message>accept/127.0.0.1</message>
</record>
</log>
